[0m16:26:41.608523 [debug] [MainThread]: Sending event: {'category': 'dbt', 'action': 'invocation', 'label': 'start', 'context': [<snowplow_tracker.self_describing_json.SelfDescribingJson object at 0x108757230>, <snowplow_tracker.self_describing_json.SelfDescribingJson object at 0x109d9b4d0>, <snowplow_tracker.self_describing_json.SelfDescribingJson object at 0x109d9b750>]}


============================== 16:26:41.611761 | 76274e5a-53cb-49dd-8592-78e8387539cc ==============================
[0m16:26:41.611761 [info ] [MainThread]: Running with dbt=1.11.7
[0m16:26:41.612120 [debug] [MainThread]: running dbt with arguments {'log_format': 'default', 'partial_parse': 'True', 'quiet': 'False', 'target_path': 'None', 'indirect_selection': 'eager', 'fail_fast': 'False', 'invocation_command': 'dbt init', 'profiles_dir': '/Users/muhammadabbas/.dbt', 'introspect': 'True', 'cache_selected_only': 'False', 'log_path': 'logs', 'empty': 'None', 'warn_error_options': 'WarnErrorOptionsV2(error=[], warn=[], silence=[])', 'log_cache_events': 'False', 'no_print': 'None', 'debug': 'False', 'send_anonymous_usage_stats': 'True', 'version_check': 'True', 'printer_width': '80', 'warn_error': 'None', 'use_experimental_parser': 'False', 'use_colors': 'True', 'static_parser': 'True', 'write_json': 'True'}
[0m16:33:13.884991 [debug] [MainThread]: Sending event: {'category': 'dbt', 'action': 'invocation', 'label': 'start', 'context': [<snowplow_tracker.self_describing_json.SelfDescribingJson object at 0x1046c91f0>, <snowplow_tracker.self_describing_json.SelfDescribingJson object at 0x104bcf740>, <snowplow_tracker.self_describing_json.SelfDescribingJson object at 0x104bcf4a0>]}


============================== 16:33:13.888485 | 12554759-e37d-415c-bd06-3b9dafdc80ca ==============================
[0m16:33:13.888485 [info ] [MainThread]: Running with dbt=1.11.11
[0m16:33:13.888812 [debug] [MainThread]: running dbt with arguments {'log_format': 'default', 'write_json': 'True', 'log_cache_events': 'False', 'cache_selected_only': 'False', 'version_check': 'True', 'send_anonymous_usage_stats': 'True', 'static_parser': 'True', 'quiet': 'False', 'printer_width': '80', 'introspect': 'True', 'warn_error_options': 'WarnErrorOptionsV2(error=[], warn=[], silence=[])', 'empty': 'None', 'warn_error': 'None', 'target_path': 'None', 'invocation_command': 'dbt init --skip-profile-setup airbnb', 'fail_fast': 'False', 'debug': 'False', 'use_colors': 'True', 'profiles_dir': '/Users/muhammadabbas/.dbt', 'indirect_selection': 'eager', 'use_experimental_parser': 'False', 'no_print': 'None', 'log_path': 'logs', 'partial_parse': 'True'}
[0m16:33:13.900746 [debug] [MainThread]: Starter project path: /Library/Frameworks/Python.framework/Versions/3.12/lib/python3.12/site-packages/dbt/include/starter_project
[0m16:33:13.905902 [info ] [MainThread]: 
Your new dbt project "airbnb" was created!

For more information on how to configure the profiles.yml file,
please consult the dbt documentation here:

  https://docs.getdbt.com/docs/configure-your-profile

One more thing:

Need help? Don't hesitate to reach out to us via GitHub issues or on Slack:

  https://community.getdbt.com/

Happy modeling!

[0m16:33:13.908259 [debug] [MainThread]: Resource report: {"command_name": "init", "command_success": true, "command_wall_clock_time": 0.06452362, "process_in_blocks": "0", "process_kernel_time": 0.182501, "process_mem_max_rss": "113049600", "process_out_blocks": "0", "process_user_time": 0.745546}
[0m16:33:13.908603 [debug] [MainThread]: Command `dbt init` succeeded at 16:33:13.908540 after 0.06 seconds
[0m16:33:13.908834 [debug] [MainThread]: Sending event: {'category': 'dbt', 'action': 'invocation', 'label': 'end', 'context': [<snowplow_tracker.self_describing_json.SelfDescribingJson object at 0x103e9b2c0>, <snowplow_tracker.self_describing_json.SelfDescribingJson object at 0x104b89430>, <snowplow_tracker.self_describing_json.SelfDescribingJson object at 0x10499bd40>]}
[0m16:33:13.909095 [debug] [MainThread]: Flushing usage events
[0m16:33:14.102041 [debug] [MainThread]: An error was encountered while trying to flush usage events
[0m16:36:52.543862 [debug] [MainThread]: Sending event: {'category': 'dbt', 'action': 'invocation', 'label': 'start', 'context': [<snowplow_tracker.self_describing_json.SelfDescribingJson object at 0x10bf2b230>, <snowplow_tracker.self_describing_json.SelfDescribingJson object at 0x10d56b4d0>, <snowplow_tracker.self_describing_json.SelfDescribingJson object at 0x10d56b750>]}


============================== 16:36:52.547197 | 305334bd-a95e-43ca-ad86-d42d26f6aa0d ==============================
[0m16:36:52.547197 [info ] [MainThread]: Running with dbt=1.11.7
[0m16:36:52.547552 [debug] [MainThread]: running dbt with arguments {'invocation_command': 'dbt debug', 'partial_parse': 'True', 'log_cache_events': 'False', 'quiet': 'False', 'printer_width': '80', 'version_check': 'True', 'fail_fast': 'False', 'send_anonymous_usage_stats': 'True', 'target_path': 'None', 'introspect': 'True', 'debug': 'False', 'empty': 'None', 'warn_error': 'None', 'log_format': 'default', 'use_experimental_parser': 'False', 'write_json': 'True', 'static_parser': 'True', 'indirect_selection': 'eager', 'log_path': 'logs', 'no_print': 'None', 'use_colors': 'True', 'warn_error_options': 'WarnErrorOptionsV2(error=[], warn=[], silence=[])', 'cache_selected_only': 'False', 'profiles_dir': '/Users/muhammadabbas/.dbt'}
[0m16:36:52.561250 [info ] [MainThread]: dbt version: 1.11.7
[0m16:36:52.561508 [info ] [MainThread]: python version: 3.13.1
[0m16:36:52.561701 [info ] [MainThread]: python path: /Users/muhammadabbas/Documents/DataEngineering/airbnb-dbt-berlin/.venv/bin/python
[0m16:36:52.561890 [info ] [MainThread]: os info: macOS-26.3.1-arm64-arm-64bit-Mach-O
[0m16:36:52.564875 [info ] [MainThread]: Error importing adapter: No module named 'dbt.adapters.postgres'
[0m16:36:52.808772 [debug] [MainThread]: Snowflake adapter: Setting snowflake.connector to ERROR (file logging only)
[0m16:36:52.809088 [debug] [MainThread]: Snowflake adapter: Setting botocore to ERROR (file logging only)
[0m16:36:52.809252 [debug] [MainThread]: Snowflake adapter: Setting boto3 to ERROR (file logging only)
[0m16:36:52.848754 [info ] [MainThread]: Error importing adapter: No module named 'dbt.adapters.databricks'
[0m16:36:52.850228 [info ] [MainThread]: Using profiles dir at /Users/muhammadabbas/.dbt
[0m16:36:52.850431 [info ] [MainThread]: Using profiles.yml file at /Users/muhammadabbas/.dbt/profiles.yml
[0m16:36:52.850582 [info ] [MainThread]: Using dbt_project.yml file at /Users/muhammadabbas/Documents/DataEngineering/airbnb-dbt-berlin/dbt_project.yml
[0m16:36:52.850729 [info ] [MainThread]: Configuration:
[0m16:36:52.850859 [info ] [MainThread]:   profiles.yml file [[31mERROR invalid[0m]
[0m16:36:52.850991 [info ] [MainThread]:   dbt_project.yml file [[31mERROR not found[0m]
[0m16:36:52.851115 [info ] [MainThread]: Required dependencies:
[0m16:36:52.851290 [debug] [MainThread]: Executing "git --help"
[0m16:36:52.889280 [debug] [MainThread]: STDOUT: "b"usage: git [-v | --version] [-h | --help] [-C <path>] [-c <name>=<value>]\n           [--exec-path[=<path>]] [--html-path] [--man-path] [--info-path]\n           [-p | --paginate | -P | --no-pager] [--no-replace-objects] [--no-lazy-fetch]\n           [--no-optional-locks] [--no-advice] [--bare] [--git-dir=<path>]\n           [--work-tree=<path>] [--namespace=<name>] [--config-env=<name>=<envvar>]\n           <command> [<args>]\n\nThese are common Git commands used in various situations:\n\nstart a working area (see also: git help tutorial)\n   clone      Clone a repository into a new directory\n   init       Create an empty Git repository or reinitialize an existing one\n\nwork on the current change (see also: git help everyday)\n   add        Add file contents to the index\n   mv         Move or rename a file, a directory, or a symlink\n   restore    Restore working tree files\n   rm         Remove files from the working tree and from the index\n\nexamine the history and state (see also: git help revisions)\n   bisect     Use binary search to find the commit that introduced a bug\n   diff       Show changes between commits, commit and working tree, etc\n   grep       Print lines matching a pattern\n   log        Show commit logs\n   show       Show various types of objects\n   status     Show the working tree status\n\ngrow, mark and tweak your common history\n   backfill   Download missing objects in a partial clone\n   branch     List, create, or delete branches\n   commit     Record changes to the repository\n   merge      Join two or more development histories together\n   rebase     Reapply commits on top of another base tip\n   reset      Reset current HEAD to the specified state\n   switch     Switch branches\n   tag        Create, list, delete or verify a tag object signed with GPG\n\ncollaborate (see also: git help workflows)\n   fetch      Download objects and refs from another repository\n   pull       Fetch from and integrate with another repository or a local branch\n   push       Update remote refs along with associated objects\n\n'git help -a' and 'git help -g' list available subcommands and some\nconcept guides. See 'git help <command>' or 'git help <concept>'\nto read about a specific subcommand or concept.\nSee 'git help git' for an overview of the system.\n""
[0m16:36:52.889967 [debug] [MainThread]: STDERR: "b''"
[0m16:36:52.890175 [info ] [MainThread]:  - git [[32mOK found[0m]

[0m16:36:52.890433 [info ] [MainThread]: Connection test skipped since no profile was found
[0m16:36:52.890796 [info ] [MainThread]: [31m2 checks failed:[0m
[0m16:36:52.891062 [info ] [MainThread]: Could not load dbt_project.yml
Profile loading failed for the following reason:
Runtime Error
  Credentials in profile "custom_postgres", target "dev" invalid: Runtime Error
    Could not find adapter type postgres!

Runtime Error
  Credentials in profile "dbt_youtube", target "dev" invalid: Runtime Error
    Could not find adapter type databricks!


[0m16:36:52.891228 [info ] [MainThread]: Project loading failed for the following reason:
 project path </Users/muhammadabbas/Documents/DataEngineering/airbnb-dbt-berlin/dbt_project.yml> not found

[0m16:36:52.928838 [debug] [MainThread]: Resource report: {"command_name": "debug", "command_success": false, "command_wall_clock_time": 0.4359531, "process_in_blocks": "0", "process_kernel_time": 0.234845, "process_mem_max_rss": "147111936", "process_out_blocks": "0", "process_user_time": 0.938308}
[0m16:36:52.929642 [debug] [MainThread]: Command `dbt debug` failed at 16:36:52.929567 after 0.44 seconds
[0m16:36:52.929952 [debug] [MainThread]: Sending event: {'category': 'dbt', 'action': 'invocation', 'label': 'end', 'context': [<snowplow_tracker.self_describing_json.SelfDescribingJson object at 0x10e4d3360>, <snowplow_tracker.self_describing_json.SelfDescribingJson object at 0x10e4e6e70>, <snowplow_tracker.self_describing_json.SelfDescribingJson object at 0x10e4ca9c0>]}
[0m16:36:52.930213 [debug] [MainThread]: Flushing usage events
[0m16:36:54.846510 [debug] [MainThread]: An error was encountered while trying to flush usage events
